./ann.py 
images 2000
y (2000,)
X (2000, 30000)
Initial cost: 0.9386373658484038
epoch 0 cost 0.9386373658484038
epoch 200 cost 0.635306041693558
epoch 400 cost 0.609027462127825
epoch 600 cost 0.5867263824109235
epoch 800 cost 0.5688983701765885
epoch 1000 cost 0.553333711263957
epoch 1200 cost 0.5390770474908904
epoch 1400 cost 0.5256427611243796
epoch 1600 cost 0.5127602863483013
epoch 1800 cost 0.5002747543500526
epoch 2000 cost 0.4880952470359306
epoch 2200 cost 0.47616610153109595
epoch 2400 cost 0.4644526911619777
epoch 2600 cost 0.45293420543153523
epoch 2800 cost 0.4415988109029703
epoch 3000 cost 0.4304396565522444
epoch 3200 cost 0.4194513546468744
epoch 3400 cost 0.40862723717145333
epoch 3600 cost 0.3979581595888456
epoch 3800 cost 0.38743293167601683
epoch 4000 cost 0.3770396226924329
epoch 4200 cost 0.3667669209792963
epoch 4400 cost 0.3566049999989011
epoch 4600 cost 0.3465456704065669
epoch 4800 cost 0.33658200797760474
epoch 5000 cost 0.3267080000678715
epoch 5200 cost 0.3169187195093743
epoch 5400 cost 0.30721114233785407
epoch 5600 cost 0.297585424084254
epoch 5800 cost 0.28804634974359566
epoch 6000 cost 0.2786044190926724
epoch 6200 cost 0.26927574260085163
epoch 6400 cost 0.2600804060127599
epoch 6600 cost 0.25103940093974103
epoch 6800 cost 0.2421656359698818
epoch 7000 cost 0.23344112318578222
epoch 7200 cost 0.2248048736408252
epoch 7400 cost 0.216189553175953
epoch 7600 cost 0.20759923305610536
epoch 7800 cost 0.19901832727576665
epoch 8000 cost 0.1590011762598087
epoch 8200 cost 0.15511288480139887
epoch 8400 cost 0.1554753805608163
epoch 8600 cost 0.14264726739751404
epoch 8800 cost 0.13674700087349234
epoch 9000 cost 0.13227049662919416
epoch 9200 cost 0.12736831274022672
epoch 9400 cost 0.1228901491629835
epoch 9600 cost 0.1250051771846203
epoch 9800 cost 0.11473055955046932
Final cost: 0.11087356222518982
Elapsed time 7.643428377310435 minutes
W1 = [[-1.34852862e-02 -1.67973385e-03 -2.12868728e-02 ...  7.73965031e-03
   6.29741199e-03 -9.75541359e-04]
 [-9.06615028e-03  2.38373826e-04 -2.87888738e-02 ...  4.00917445e-03
   7.13730859e-03  1.45980119e-03]
 [ 5.87389489e-03  3.48869924e-04  3.44724232e-03 ...  7.31372150e-03
  -3.68305781e-03 -1.93214569e-03]
 ...
 [ 6.33238141e-04 -1.28171013e-02 -7.34925227e-03 ...  1.54978579e-02
  -6.44522312e-03  4.48963327e-03]
 [ 2.55063649e-02 -5.00775117e-03  3.53793801e-04 ... -1.31319549e-02
  -1.95309306e-02 -5.10305956e-03]
 [ 1.35746592e-02 -7.58905678e-03  1.13867280e-02 ... -1.49695973e-02
   4.01691533e-04 -4.66412078e-05]]
b1 =  [[-6.45871878e-03 -4.44664737e-03 -8.09998518e-03 -8.75665817e-04
  -5.36640137e-03 -6.46283322e-04  1.17825538e-03  3.16437294e-05
  -1.46850681e-02 -3.55700130e-03]]
W2 =  [[ 0.90783788  0.87818071 -0.93360786 -0.59029267  0.89608942  0.67179954
   0.34187554 -1.29091242 -1.32688753 -1.41796503]]
b2 =  [[-0.03670108]]
Accuracy 0.9925
Accuracy 0.9925
Initial cost: 0.9386373658484038
epoch 0 cost 0.9386373658484038
decay 0.0001 alpha 0.05
epoch 200 cost 0.6377764028834688
decay 0.0001 alpha 0.049019607843137254
epoch 400 cost 0.6086879649542059
decay 0.0001 alpha 0.04807692307692308
epoch 600 cost 0.5861488176658154
decay 0.0001 alpha 0.04716981132075472
epoch 800 cost 0.5681344530851064
decay 0.0001 alpha 0.046296296296296294
epoch 1000 cost 0.5524248128195591
decay 0.0001 alpha 0.045454545454545456
epoch 1200 cost 0.5380836469529722
decay 0.0001 alpha 0.044642857142857144
epoch 1400 cost 0.5246360148736912
decay 0.0001 alpha 0.043859649122807015
epoch 1600 cost 0.5118078676660752
decay 0.0001 alpha 0.04310344827586207
epoch 1800 cost 0.4994322424376684
decay 0.0001 alpha 0.04237288135593221
epoch 2000 cost 0.4874062382371608
decay 0.0001 alpha 0.04166666666666667
epoch 2200 cost 0.4756663303170715
decay 0.0001 alpha 0.04098360655737705
epoch 2400 cost 0.46417410258401015
decay 0.0001 alpha 0.040322580645161296
epoch 2600 cost 0.4529069829429029
decay 0.0001 alpha 0.03968253968253969
epoch 2800 cost 0.4418509650947998
decay 0.0001 alpha 0.0390625
epoch 3000 cost 0.43099501696331793
decay 0.0001 alpha 0.038461538461538464
epoch 3200 cost 0.4203279021028129
decay 0.0001 alpha 0.03787878787878788
epoch 3400 cost 0.40983750558918136
decay 0.0001 alpha 0.03731343283582089
epoch 3600 cost 0.3995118111665654
decay 0.0001 alpha 0.03676470588235294
epoch 3800 cost 0.38934043549583736
decay 0.0001 alpha 0.03623188405797102
epoch 4000 cost 0.379315909675806
decay 0.0001 alpha 0.03571428571428572
epoch 4200 cost 0.3694342597675609
decay 0.0001 alpha 0.035211267605633804
epoch 4400 cost 0.35969480451426233
decay 0.0001 alpha 0.034722222222222224
epoch 4600 cost 0.35009946016531013
decay 0.0001 alpha 0.03424657534246576
epoch 4800 cost 0.3406520121619441
decay 0.0001 alpha 0.033783783783783786
epoch 5000 cost 0.3313576051224256
decay 0.0001 alpha 0.03333333333333333
epoch 5200 cost 0.3222222913191585
decay 0.0001 alpha 0.03289473684210526
epoch 5400 cost 0.31325219089808787
decay 0.0001 alpha 0.03246753246753247
epoch 5600 cost 0.30445174075215053
decay 0.0001 alpha 0.032051282051282055
epoch 5800 cost 0.2958207962794422
decay 0.0001 alpha 0.03164556962025317
epoch 6000 cost 0.2873520217994264
decay 0.0001 alpha 0.03125
epoch 6200 cost 0.27903303648467354
decay 0.0001 alpha 0.030864197530864196
epoch 6400 cost 0.27085562356402015
decay 0.0001 alpha 0.03048780487804878
epoch 6600 cost 0.262823369779482
decay 0.0001 alpha 0.030120481927710843
epoch 6800 cost 0.2549479659435825
decay 0.0001 alpha 0.02976190476190476
epoch 7000 cost 0.24723964505131216
decay 0.0001 alpha 0.029411764705882353
epoch 7200 cost 0.23970168933498776
decay 0.0001 alpha 0.029069767441860465
epoch 7400 cost 0.2323298196569076
decay 0.0001 alpha 0.02873563218390805
epoch 7600 cost 0.22511370093876484
decay 0.0001 alpha 0.02840909090909091
epoch 7800 cost 0.21804037771682488
decay 0.0001 alpha 0.02808988764044944
epoch 8000 cost 0.21110036990054495
decay 0.0001 alpha 0.02777777777777778
epoch 8200 cost 0.20429429174823877
decay 0.0001 alpha 0.027472527472527472
epoch 8400 cost 0.19763523874140124
decay 0.0001 alpha 0.02717391304347826
epoch 8600 cost 0.19114587164564997
decay 0.0001 alpha 0.02688172043010753
epoch 8800 cost 0.18485837653034964
decay 0.0001 alpha 0.026595744680851068
epoch 9000 cost 0.17883551456693267
decay 0.0001 alpha 0.026315789473684213
epoch 9200 cost 0.17324194067519635
decay 0.0001 alpha 0.026041666666666668
epoch 9400 cost 0.16839772179281123
decay 0.0001 alpha 0.025773195876288662
epoch 9600 cost 0.16433455176203657
decay 0.0001 alpha 0.025510204081632654
epoch 9800 cost 0.1605861523006746
decay 0.0001 alpha 0.025252525252525256
Final cost: 0.15700260919040598
Elapsed time 7.853120132287343 minutes
W1 = [[-9.95265610e-03 -4.73955392e-04 -2.03858682e-02 ...  6.10489759e-03
   3.86629267e-03 -2.47101535e-03]
 [-7.71758394e-03  8.13670759e-04 -2.71264906e-02 ...  3.47612877e-03
   4.23668176e-03 -1.12136565e-03]
 [ 3.16364820e-03 -8.08392427e-04  2.51025829e-03 ...  7.59927329e-03
  -3.59618865e-03 -4.31579945e-03]
 ...
 [ 8.36378045e-04 -1.05325949e-02 -5.68528495e-03 ...  1.26312251e-02
  -7.43605606e-03  2.38035038e-03]
 [ 2.23168705e-02 -5.03853899e-03  7.31244236e-05 ... -1.17710118e-02
  -1.69890758e-02 -3.38189476e-03]
 [ 1.46848937e-02 -5.17701538e-03  1.11558333e-02 ... -1.40485838e-02
   1.73898569e-03  5.60108630e-05]]
b1 =  [[-0.00631846 -0.00543829 -0.00626295  0.00102491 -0.00543986 -0.00285062
   0.00023221  0.00066979 -0.01369349 -0.00046101]]
W2 =  [[ 0.79525611  0.79596247 -0.79538557 -0.48868086  0.71958509  0.61697073
   0.24022726 -1.11012795 -1.22444965 -1.29168367]]
b2 =  [[-0.04079563]]
Accuracy 0.9855
(2000, 60000)
Initial cost: 0.8033787259625027
epoch 0 cost 0.8033787259625027
decay 0.0001 alpha 0.05
epoch 200 cost 0.638526667345147
decay 0.0001 alpha 0.049019607843137254
epoch 400 cost 0.6087093355467526
decay 0.0001 alpha 0.04807692307692308
epoch 600 cost 0.587472031668811
decay 0.0001 alpha 0.04716981132075472
epoch 800 cost 0.5690877001371674
decay 0.0001 alpha 0.046296296296296294
epoch 1000 cost 0.5434178221846637
decay 0.0001 alpha 0.045454545454545456
epoch 1200 cost 0.5235464660273274
decay 0.0001 alpha 0.044642857142857144
epoch 1400 cost 0.5061207199495451
decay 0.0001 alpha 0.043859649122807015
epoch 1600 cost 0.4905295728480749
decay 0.0001 alpha 0.04310344827586207
epoch 1800 cost 0.4763471362405992
decay 0.0001 alpha 0.04237288135593221
epoch 2000 cost 0.46316308530769945
decay 0.0001 alpha 0.04166666666666667
epoch 2200 cost 0.45065299930983044
decay 0.0001 alpha 0.04098360655737705
epoch 2400 cost 0.43863188850745405
decay 0.0001 alpha 0.040322580645161296
epoch 2600 cost 0.42700221916976555
decay 0.0001 alpha 0.03968253968253969
epoch 2800 cost 0.415683734384073
decay 0.0001 alpha 0.0390625
epoch 3000 cost 0.4045967272797499
decay 0.0001 alpha 0.038461538461538464
epoch 3200 cost 0.3937279640199912
decay 0.0001 alpha 0.03787878787878788
epoch 3400 cost 0.3831055779100616
decay 0.0001 alpha 0.03731343283582089
epoch 3600 cost 0.3727267215187959
decay 0.0001 alpha 0.03676470588235294
epoch 3800 cost 0.3625580075395337
decay 0.0001 alpha 0.03623188405797102
epoch 4000 cost 0.35250972176970524
decay 0.0001 alpha 0.03571428571428572
epoch 4200 cost 0.342464075367807
decay 0.0001 alpha 0.035211267605633804
epoch 4400 cost 0.33242501708718925
decay 0.0001 alpha 0.034722222222222224
epoch 4600 cost 0.3224872554450201
decay 0.0001 alpha 0.03424657534246576
epoch 4800 cost 0.31273111360337047
decay 0.0001 alpha 0.033783783783783786
epoch 5000 cost 0.30319767906848594
decay 0.0001 alpha 0.03333333333333333
epoch 5200 cost 0.2938927722448472
decay 0.0001 alpha 0.03289473684210526
epoch 5400 cost 0.28480269085646287
decay 0.0001 alpha 0.03246753246753247
epoch 5600 cost 0.2759121099675173
decay 0.0001 alpha 0.032051282051282055
epoch 5800 cost 0.26721429507637917
decay 0.0001 alpha 0.03164556962025317
epoch 6000 cost 0.25871890179321505
decay 0.0001 alpha 0.03125
epoch 6200 cost 0.2504767043059056
decay 0.0001 alpha 0.030864197530864196
epoch 6400 cost 0.24267339538996313
decay 0.0001 alpha 0.03048780487804878
epoch 6600 cost 0.23578130115399165
decay 0.0001 alpha 0.030120481927710843
epoch 6800 cost 0.2299289869790621
decay 0.0001 alpha 0.02976190476190476
epoch 7000 cost 0.22447791779138185
decay 0.0001 alpha 0.029411764705882353
epoch 7200 cost 0.2192435856294256
decay 0.0001 alpha 0.029069767441860465
epoch 7400 cost 0.21421249110204912
decay 0.0001 alpha 0.02873563218390805
epoch 7600 cost 0.20937472681946812
decay 0.0001 alpha 0.02840909090909091
epoch 7800 cost 0.2047209262784228
decay 0.0001 alpha 0.02808988764044944
epoch 8000 cost 0.2002422278930173
decay 0.0001 alpha 0.02777777777777778
epoch 8200 cost 0.19593026150533974
decay 0.0001 alpha 0.027472527472527472
epoch 8400 cost 0.19177713231451093
decay 0.0001 alpha 0.02717391304347826
epoch 8600 cost 0.18777539892991327
decay 0.0001 alpha 0.02688172043010753
epoch 8800 cost 0.18391804805648554
decay 0.0001 alpha 0.026595744680851068
epoch 9000 cost 0.18019846878703788
decay 0.0001 alpha 0.026315789473684213
epoch 9200 cost 0.1766104282953061
decay 0.0001 alpha 0.026041666666666668
epoch 9400 cost 0.17314804934616057
decay 0.0001 alpha 0.025773195876288662
epoch 9600 cost 0.1698057890160186
decay 0.0001 alpha 0.025510204081632654
epoch 9800 cost 0.166578417562825
decay 0.0001 alpha 0.025252525252525256
Final cost: 0.1634763180065501
Elapsed time 13.128400997320812 minutes
W1 = [[ 0.00165368 -0.00209864 -0.0112007  ... -0.01170097 -0.01148822
  -0.00616388]
 [ 0.0005228  -0.00020718  0.00155822 ... -0.01298939  0.01283673
   0.00012237]
 [ 0.01026861 -0.00405821 -0.00722447 ... -0.00281477 -0.00259759
   0.00624584]
 ...
 [ 0.00307971 -0.01133466  0.00458658 ... -0.00108481  0.00077825
   0.01235803]
 [-0.00074639 -0.00628121 -0.00404203 ...  0.00270848  0.00252865
   0.00387787]
 [ 0.0016164  -0.00115383  0.00085289 ...  0.00685201 -0.00149148
  -0.00983993]]
b1 =  [[ 0.00278686 -0.00033761  0.00062099 -0.00256915  0.00246275 -0.00271823
   0.0009785   0.00526448 -0.00037748  0.0016533 ]]
W2 =  [[-1.05104942 -0.36340958 -0.78290544 -0.74587796 -1.29296336 -0.70389108
   0.39460808 -1.07944684  0.15154762 -0.41284138]]
b2 =  [[-0.01845996]]
Accuracy 0.986
Traceback (most recent call last):
  File "/home/lsandov1/miniconda3/lib/python3.7/site-packages/pandas/io/pytables.py", line 604, in open
    self._handle = tables.open_file(self._path, self._mode, **kwargs)
  File "/home/lsandov1/miniconda3/lib/python3.7/site-packages/tables/file.py", line 320, in open_file
    return File(filename, mode, title, root_uep, filters, **kwargs)
  File "/home/lsandov1/miniconda3/lib/python3.7/site-packages/tables/file.py", line 784, in __init__
    self._g_new(filename, mode, **params)
  File "tables/hdf5extension.pyx", line 489, in tables.hdf5extension.File._g_new
tables.exceptions.HDF5ExtError: HDF5 error back trace

  File "H5F.c", line 509, in H5Fopen
    unable to open file
  File "H5Fint.c", line 1400, in H5F__open
    unable to open file
  File "H5Fint.c", line 1700, in H5F_open
    unable to read superblock
  File "H5Fsuper.c", line 623, in H5F__super_read
    truncated file: eof = 10862592, sblock->base_addr = 0, stored_eof = 31116472

End of HDF5 error back trace

Unable to open/create file 'test.h5'

During handling of the above exception, another exception occurred:

Traceback (most recent call last):
  File "./ann.py", line 411, in <module>
    test = pd.read_hdf('test.h5', 'df')
  File "/home/lsandov1/miniconda3/lib/python3.7/site-packages/pandas/io/pytables.py", line 373, in read_hdf
    store = HDFStore(path_or_buf, mode=mode, **kwargs)
  File "/home/lsandov1/miniconda3/lib/python3.7/site-packages/pandas/io/pytables.py", line 491, in __init__
    self.open(mode=mode, **kwargs)
  File "/home/lsandov1/miniconda3/lib/python3.7/site-packages/pandas/io/pytables.py", line 636, in open
    raise IOError(str(e))
OSError: HDF5 error back trace

  File "H5F.c", line 509, in H5Fopen
    unable to open file
  File "H5Fint.c", line 1400, in H5F__open
    unable to open file
  File "H5Fint.c", line 1700, in H5F_open
    unable to read superblock
  File "H5Fsuper.c", line 623, in H5F__super_read
    truncated file: eof = 10862592, sblock->base_addr = 0, stored_eof = 31116472

End of HDF5 error back trace

Unable to open/create file 'test.h5'
~/repos/edna/ML $ 